<?xml version="1.0" encoding="UTF-8"?>
<!-- Generated by org.testng.reporters.JUnitReportReporter -->
<testsuite hostname="UBL-LC-DINESH" failures="0" tests="3" name="com.selenium.TestNG.day2" time="0.004" errors="0" timestamp="2023-06-29T14:17:21 IST" skipped="1">
  <testcase classname="com.selenium.TestNG.day2" name="homesignin" time="0.003"/>
  <testcase classname="com.selenium.TestNG.day2" name="homesignout" time="0.001"/>
  <testcase classname="com.selenium.TestNG.day2" name="homesignup">
    <skipped/>
  </testcase> <!-- homesignup -->
</testsuite> <!-- com.selenium.TestNG.day2 -->
