<?xml version="1.0" encoding="UTF-8"?>
<!-- Generated by org.testng.reporters.JUnitReportReporter -->
<testsuite hostname="UBL-LC-DINESH" failures="0" tests="3" name="com.selenium.TestNG.TestNGTutorial" time="0.008" errors="0" timestamp="2023-06-29T14:17:21 IST" skipped="0">
  <testcase classname="com.selenium.TestNG.TestNGTutorial" name="signin" time="0.005"/>
  <testcase classname="com.selenium.TestNG.TestNGTutorial" name="signout" time="0.001"/>
  <testcase classname="com.selenium.TestNG.TestNGTutorial" name="signup" time="0.002"/>
</testsuite> <!-- com.selenium.TestNG.TestNGTutorial -->
