<?xml version="1.0" encoding="UTF-8"?>
<!-- Generated by org.testng.reporters.JUnitReportReporter -->
<testsuite hostname="UBL-LC-DINESH" failures="0" tests="3" name="com.selenium.TestNG.day1" time="0.005" errors="0" timestamp="2023-07-27T11:59:18 IST" skipped="0">
  <testcase classname="com.selenium.TestNG.day1" name="carsignout" time="0.001"/>
  <testcase classname="com.selenium.TestNG.day1" name="carsignin" time="0.002"/>
  <testcase classname="com.selenium.TestNG.day1" name="carsignup" time="0.002"/>
</testsuite> <!-- com.selenium.TestNG.day1 -->
